{"C:\\Users\\Claudia Milena\\Desktop\\Varios\\Java+React\\onlineStore\\src\\core\\useCases\\getProductsUseCase.js": {"path":"C:\\Users\\Claudia Milena\\Desktop\\Varios\\Java+React\\onlineStore\\src\\core\\useCases\\getProductsUseCase.js","statementMap":{"0":{"start":{"line":4,"column":27},"end":{"line":4,"column":null}},"1":{"start":{"line":9,"column":34},"end":{"line":24,"column":null}},"2":{"start":{"line":11,"column":25},"end":{"line":11,"column":null}},"3":{"start":{"line":13,"column":2},"end":{"line":16,"column":null}},"4":{"start":{"line":14,"column":4},"end":{"line":14,"column":null}},"5":{"start":{"line":15,"column":4},"end":{"line":15,"column":null}},"6":{"start":{"line":18,"column":2},"end":{"line":18,"column":null}},"7":{"start":{"line":19,"column":19},"end":{"line":19,"column":null}},"8":{"start":{"line":21,"column":2},"end":{"line":21,"column":null}},"9":{"start":{"line":23,"column":2},"end":{"line":23,"column":null}}},"fnMap":{"0":{"name":"(anonymous_0)","decl":{"start":{"line":9,"column":34},"end":{"line":9,"column":46}},"loc":{"start":{"line":9,"column":46},"end":{"line":24,"column":null}},"line":9}},"branchMap":{"0":{"loc":{"start":{"line":13,"column":2},"end":{"line":16,"column":null}},"type":"if","locations":[{"start":{"line":13,"column":2},"end":{"line":16,"column":null}},{"start":{},"end":{}}],"line":13}},"s":{"0":2,"1":2,"2":2,"3":2,"4":1,"5":1,"6":1,"7":1,"8":1,"9":1},"f":{"0":2},"b":{"0":[1,1]},"meta":{"lastBranch":1,"lastFunction":1,"lastStatement":10,"seen":{"s:4:27:4:Infinity":0,"s:9:34:24:Infinity":1,"f:9:34:9:46":0,"s:11:25:11:Infinity":2,"b:13:2:16:Infinity:undefined:undefined:undefined:undefined":0,"s:13:2:16:Infinity":3,"s:14:4:14:Infinity":4,"s:15:4:15:Infinity":5,"s:18:2:18:Infinity":6,"s:19:19:19:Infinity":7,"s:21:2:21:Infinity":8,"s:23:2:23:Infinity":9},"fnNames":{}}}
,"C:\\Users\\Claudia Milena\\Desktop\\Varios\\Java+React\\onlineStore\\src\\infrastructure\\api\\itxApiAdapter.js": {"path":"C:\\Users\\Claudia Milena\\Desktop\\Varios\\Java+React\\onlineStore\\src\\infrastructure\\api\\itxApiAdapter.js","statementMap":{"0":{"start":{"line":1,"column":17},"end":{"line":1,"column":null}},"1":{"start":{"line":3,"column":29},"end":{"line":50,"column":null}},"2":{"start":{"line":9,"column":21},"end":{"line":9,"column":null}},"3":{"start":{"line":10,"column":4},"end":{"line":12,"column":null}},"4":{"start":{"line":11,"column":6},"end":{"line":11,"column":null}},"5":{"start":{"line":13,"column":4},"end":{"line":13,"column":null}},"6":{"start":{"line":21,"column":21},"end":{"line":21,"column":null}},"7":{"start":{"line":22,"column":4},"end":{"line":24,"column":null}},"8":{"start":{"line":23,"column":6},"end":{"line":23,"column":null}},"9":{"start":{"line":25,"column":4},"end":{"line":25,"column":null}},"10":{"start":{"line":33,"column":21},"end":{"line":43,"column":null}},"11":{"start":{"line":45,"column":4},"end":{"line":47,"column":null}},"12":{"start":{"line":46,"column":6},"end":{"line":46,"column":null}},"13":{"start":{"line":48,"column":4},"end":{"line":48,"column":null}}},"fnMap":{"0":{"name":"(anonymous_0)","decl":{"start":{"line":8,"column":15},"end":{"line":8,"column":27}},"loc":{"start":{"line":8,"column":27},"end":{"line":14,"column":null}},"line":8},"1":{"name":"(anonymous_1)","decl":{"start":{"line":20,"column":20},"end":{"line":20,"column":27}},"loc":{"start":{"line":20,"column":34},"end":{"line":26,"column":null}},"line":20},"2":{"name":"(anonymous_2)","decl":{"start":{"line":32,"column":20},"end":{"line":32,"column":27}},"loc":{"start":{"line":32,"column":65},"end":{"line":49,"column":null}},"line":32}},"branchMap":{"0":{"loc":{"start":{"line":10,"column":4},"end":{"line":12,"column":null}},"type":"if","locations":[{"start":{"line":10,"column":4},"end":{"line":12,"column":null}},{"start":{},"end":{}}],"line":10},"1":{"loc":{"start":{"line":22,"column":4},"end":{"line":24,"column":null}},"type":"if","locations":[{"start":{"line":22,"column":4},"end":{"line":24,"column":null}},{"start":{},"end":{}}],"line":22},"2":{"loc":{"start":{"line":45,"column":4},"end":{"line":47,"column":null}},"type":"if","locations":[{"start":{"line":45,"column":4},"end":{"line":47,"column":null}},{"start":{},"end":{}}],"line":45}},"s":{"0":3,"1":3,"2":2,"3":2,"4":1,"5":1,"6":2,"7":2,"8":1,"9":1,"10":2,"11":2,"12":1,"13":1},"f":{"0":2,"1":2,"2":2},"b":{"0":[1,1],"1":[1,1],"2":[1,1]},"meta":{"lastBranch":3,"lastFunction":3,"lastStatement":14,"seen":{"s:1:17:1:Infinity":0,"s:3:29:50:Infinity":1,"f:8:15:8:27":0,"s:9:21:9:Infinity":2,"b:10:4:12:Infinity:undefined:undefined:undefined:undefined":0,"s:10:4:12:Infinity":3,"s:11:6:11:Infinity":4,"s:13:4:13:Infinity":5,"f:20:20:20:27":1,"s:21:21:21:Infinity":6,"b:22:4:24:Infinity:undefined:undefined:undefined:undefined":1,"s:22:4:24:Infinity":7,"s:23:6:23:Infinity":8,"s:25:4:25:Infinity":9,"f:32:20:32:27":2,"s:33:21:43:Infinity":10,"b:45:4:47:Infinity:undefined:undefined:undefined:undefined":2,"s:45:4:47:Infinity":11,"s:46:6:46:Infinity":12,"s:48:4:48:Infinity":13},"fnNames":{}}}
,"C:\\Users\\Claudia Milena\\Desktop\\Varios\\Java+React\\onlineStore\\src\\infrastructure\\storage\\localStorageAdapter.js": {"path":"C:\\Users\\Claudia Milena\\Desktop\\Varios\\Java+React\\onlineStore\\src\\infrastructure\\storage\\localStorageAdapter.js","statementMap":{"0":{"start":{"line":4,"column":23},"end":{"line":4,"column":null}},"1":{"start":{"line":6,"column":35},"end":{"line":46,"column":null}},"2":{"start":{"line":11,"column":17},"end":{"line":14,"column":null}},"3":{"start":{"line":15,"column":4},"end":{"line":15,"column":null}},"4":{"start":{"line":22,"column":19},"end":{"line":22,"column":null}},"5":{"start":{"line":23,"column":4},"end":{"line":23,"column":null}},"6":{"start":{"line":23,"column":17},"end":{"line":23,"column":null}},"7":{"start":{"line":25,"column":4},"end":{"line":37,"column":null}},"8":{"start":{"line":26,"column":34},"end":{"line":26,"column":null}},"9":{"start":{"line":27,"column":24},"end":{"line":27,"column":null}},"10":{"start":{"line":29,"column":6},"end":{"line":32,"column":null}},"11":{"start":{"line":30,"column":8},"end":{"line":30,"column":null}},"12":{"start":{"line":31,"column":8},"end":{"line":31,"column":null}},"13":{"start":{"line":34,"column":6},"end":{"line":34,"column":null}},"14":{"start":{"line":36,"column":6},"end":{"line":36,"column":null}},"15":{"start":{"line":44,"column":4},"end":{"line":44,"column":null}}},"fnMap":{"0":{"name":"(anonymous_0)","decl":{"start":{"line":10,"column":2},"end":{"line":10,"column":8}},"loc":{"start":{"line":10,"column":23},"end":{"line":16,"column":null}},"line":10},"1":{"name":"(anonymous_1)","decl":{"start":{"line":21,"column":2},"end":{"line":21,"column":8}},"loc":{"start":{"line":21,"column":16},"end":{"line":38,"column":null}},"line":21},"2":{"name":"(anonymous_2)","decl":{"start":{"line":43,"column":2},"end":{"line":43,"column":11}},"loc":{"start":{"line":43,"column":19},"end":{"line":45,"column":null}},"line":43}},"branchMap":{"0":{"loc":{"start":{"line":23,"column":4},"end":{"line":23,"column":null}},"type":"if","locations":[{"start":{"line":23,"column":4},"end":{"line":23,"column":null}},{"start":{},"end":{}}],"line":23},"1":{"loc":{"start":{"line":29,"column":6},"end":{"line":32,"column":null}},"type":"if","locations":[{"start":{"line":29,"column":6},"end":{"line":32,"column":null}},{"start":{},"end":{}}],"line":29}},"s":{"0":3,"1":3,"2":3,"3":3,"4":4,"5":4,"6":1,"7":3,"8":3,"9":3,"10":3,"11":1,"12":1,"13":1,"14":1,"15":1},"f":{"0":3,"1":4,"2":1},"b":{"0":[1,3],"1":[1,2]},"meta":{"lastBranch":2,"lastFunction":3,"lastStatement":16,"seen":{"s:4:23:4:Infinity":0,"s:6:35:46:Infinity":1,"f:10:2:10:8":0,"s:11:17:14:Infinity":2,"s:15:4:15:Infinity":3,"f:21:2:21:8":1,"s:22:19:22:Infinity":4,"b:23:4:23:Infinity:undefined:undefined:undefined:undefined":0,"s:23:4:23:Infinity":5,"s:23:17:23:Infinity":6,"s:25:4:37:Infinity":7,"s:26:34:26:Infinity":8,"s:27:24:27:Infinity":9,"b:29:6:32:Infinity:undefined:undefined:undefined:undefined":1,"s:29:6:32:Infinity":10,"s:30:8:30:Infinity":11,"s:31:8:31:Infinity":12,"s:34:6:34:Infinity":13,"s:36:6:36:Infinity":14,"f:43:2:43:11":2,"s:44:4:44:Infinity":15},"fnNames":{}}}
,"C:\\Users\\Claudia Milena\\Desktop\\Varios\\Java+React\\onlineStore\\src\\presentation\\components\\Header.jsx": {"path":"C:\\Users\\Claudia Milena\\Desktop\\Varios\\Java+React\\onlineStore\\src\\presentation\\components\\Header.jsx","statementMap":{"0":{"start":{"line":4,"column":6},"end":{"line":36,"column":null}},"1":{"start":{"line":4,"column":15},"end":{"line":4,"column":16}},"2":{"start":{"line":4,"column":16},"end":{"line":4,"column":null}},"3":{"start":{"line":5,"column":2},"end":{"line":5,"column":null}},"4":{"start":{"line":6,"column":2},"end":{"line":6,"column":33}},"5":{"start":{"line":6,"column":33},"end":{"line":9,"column":65}},"6":{"start":{"line":9,"column":23},"end":{"line":9,"column":64}},"7":{"start":{"line":9,"column":64},"end":{"line":9,"column":65}},"8":{"start":{"line":9,"column":23},"end":{"line":9,"column":31}},"9":{"start":{"line":9,"column":65},"end":{"line":16,"column":null}},"10":{"start":{"line":14,"column":8},"end":{"line":14,"column":17}},"11":{"start":{"line":16,"column":15},"end":{"line":16,"column":null}},"12":{"start":{"line":16,"column":15},"end":{"line":20,"column":null}},"13":{"start":{"line":20,"column":10},"end":{"line":20,"column":19}},"14":{"start":{"line":20,"column":66},"end":{"line":20,"column":null}},"15":{"start":{"line":20,"column":66},"end":{"line":28,"column":null}},"16":{"start":{"line":21,"column":11},"end":{"line":26,"column":null}},"17":{"start":{"line":28,"column":11},"end":{"line":28,"column":null}},"18":{"start":{"line":28,"column":11},"end":{"line":30,"column":null}},"19":{"start":{"line":13,"column":6},"end":{"line":30,"column":null}},"20":{"start":{"line":30,"column":12},"end":{"line":30,"column":null}},"21":{"start":{"line":30,"column":12},"end":{"line":33,"column":null}},"22":{"start":{"line":33,"column":8},"end":{"line":33,"column":null}},"23":{"start":{"line":33,"column":47},"end":{"line":33,"column":null}},"24":{"start":{"line":33,"column":47},"end":{"line":35,"column":null}},"25":{"start":{"line":32,"column":6},"end":{"line":35,"column":null}},"26":{"start":{"line":35,"column":12},"end":{"line":35,"column":null}},"27":{"start":{"line":35,"column":12},"end":{"line":36,"column":null}},"28":{"start":{"line":12,"column":4},"end":{"line":36,"column":null}},"29":{"start":{"line":36,"column":13},"end":{"line":36,"column":null}},"30":{"start":{"line":36,"column":13},"end":{"line":12,"column":19}},"31":{"start":{"line":40,"column":15},"end":{"line":86,"column":null}}},"fnMap":{"0":{"name":"(anonymous_0)","decl":{"start":{"line":4,"column":6},"end":{"line":4,"column":15}},"loc":{"start":{"line":4,"column":15},"end":{"line":36,"column":null}},"line":4}},"branchMap":{"0":{"loc":{"start":{"line":6,"column":33},"end":{"line":9,"column":65}},"type":"if","locations":[{"start":{"line":6,"column":33},"end":{"line":9,"column":65}},{"start":{"line":9,"column":64},"end":{"line":9,"column":65}}],"line":6},"1":{"loc":{"start":{"line":9,"column":65},"end":{"line":16,"column":null}},"type":"if","locations":[{"start":{"line":9,"column":65},"end":{"line":16,"column":null}},{"start":{"line":16,"column":15},"end":{"line":16,"column":null}}],"line":9},"2":{"loc":{"start":{"line":16,"column":15},"end":{"line":20,"column":null}},"type":"if","locations":[{"start":{"line":16,"column":15},"end":{"line":20,"column":null}},{"start":{"line":20,"column":66},"end":{"line":20,"column":null}}],"line":16},"3":{"loc":{"start":{"line":20,"column":66},"end":{"line":28,"column":null}},"type":"if","locations":[{"start":{"line":20,"column":66},"end":{"line":28,"column":null}},{"start":{"line":28,"column":11},"end":{"line":28,"column":null}}],"line":20},"4":{"loc":{"start":{"line":20,"column":66},"end":{"line":20,"column":null}},"type":"binary-expr","locations":[{"start":{"line":20,"column":66},"end":{"line":20,"column":null}},{"start":{"line":20,"column":66},"end":{"line":20,"column":null}}],"line":20},"5":{"loc":{"start":{"line":21,"column":11},"end":{"line":26,"column":null}},"type":"binary-expr","locations":[{"start":{"line":21,"column":11},"end":{"line":21,"column":null}},{"start":{"line":21,"column":11},"end":{"line":26,"column":null}}],"line":21},"6":{"loc":{"start":{"line":25,"column":17},"end":{"line":25,"column":null}},"type":"binary-expr","locations":[{"start":{"line":25,"column":17},"end":{"line":25,"column":null}},{"start":{"line":25,"column":17},"end":{"line":25,"column":null}}],"line":25},"7":{"loc":{"start":{"line":28,"column":11},"end":{"line":30,"column":null}},"type":"if","locations":[{"start":{"line":28,"column":11},"end":{"line":30,"column":null}},{"start":{"line":30,"column":12},"end":{"line":30,"column":null}}],"line":28},"8":{"loc":{"start":{"line":30,"column":12},"end":{"line":33,"column":null}},"type":"if","locations":[{"start":{"line":30,"column":12},"end":{"line":33,"column":null}},{"start":{"line":33,"column":47},"end":{"line":33,"column":null}}],"line":30},"9":{"loc":{"start":{"line":33,"column":47},"end":{"line":35,"column":null}},"type":"if","locations":[{"start":{"line":33,"column":47},"end":{"line":35,"column":null}},{"start":{"line":35,"column":12},"end":{"line":35,"column":null}}],"line":33},"10":{"loc":{"start":{"line":35,"column":12},"end":{"line":36,"column":null}},"type":"if","locations":[{"start":{"line":35,"column":12},"end":{"line":36,"column":null}},{"start":{"line":36,"column":13},"end":{"line":36,"column":null}}],"line":35},"11":{"loc":{"start":{"line":35,"column":12},"end":{"line":35,"column":null}},"type":"binary-expr","locations":[{"start":{"line":35,"column":12},"end":{"line":35,"column":null}},{"start":{"line":35,"column":12},"end":{"line":35,"column":null}}],"line":35}},"s":{"0":1,"1":3,"2":3,"3":3,"4":3,"5":3,"6":2,"7":1,"8":3,"9":3,"10":2,"11":1,"12":3,"13":2,"14":1,"15":3,"16":2,"17":1,"18":3,"19":2,"20":1,"21":3,"22":2,"23":1,"24":3,"25":2,"26":1,"27":3,"28":2,"29":1,"30":3,"31":1},"f":{"0":3},"b":{"0":[2,1],"1":[2,1],"2":[2,1],"3":[2,1],"4":[3,1],"5":[2,0],"6":[0,0],"7":[2,1],"8":[2,1],"9":[2,1],"10":[2,1],"11":[3,1]},"meta":{"lastBranch":12,"lastFunction":1,"lastStatement":32,"seen":{"s:4:6:36:Infinity":0,"f:4:6:4:15":0,"s:4:15:4:16":1,"s:4:16:4:Infinity":2,"s:5:2:5:Infinity":3,"s:6:2:6:33":4,"b:6:33:9:65:9:64:9:65":0,"s:6:33:9:65":5,"s:9:23:9:64":6,"s:9:64:9:65":7,"s:9:23:9:31":8,"b:9:65:16:Infinity:16:15:16:Infinity":1,"s:9:65:16:Infinity":9,"s:14:8:14:17":10,"s:16:15:16:Infinity":11,"b:16:15:20:Infinity:20:66:20:Infinity":2,"s:16:15:20:Infinity":12,"s:20:10:20:19":13,"s:20:66:20:Infinity":14,"b:20:66:28:Infinity:28:11:28:Infinity":3,"s:20:66:28:Infinity":15,"b:20:66:20:Infinity:20:66:20:Infinity":4,"s:21:11:26:Infinity":16,"b:21:11:21:Infinity:21:11:26:Infinity":5,"b:25:17:25:Infinity:25:17:25:Infinity":6,"s:28:11:28:Infinity":17,"b:28:11:30:Infinity:30:12:30:Infinity":7,"s:28:11:30:Infinity":18,"s:13:6:30:Infinity":19,"s:30:12:30:Infinity":20,"b:30:12:33:Infinity:33:47:33:Infinity":8,"s:30:12:33:Infinity":21,"s:33:8:33:Infinity":22,"s:33:47:33:Infinity":23,"b:33:47:35:Infinity:35:12:35:Infinity":9,"s:33:47:35:Infinity":24,"s:32:6:35:Infinity":25,"s:35:12:35:Infinity":26,"b:35:12:36:Infinity:36:13:36:Infinity":10,"s:35:12:36:Infinity":27,"b:35:12:35:Infinity:35:12:35:Infinity":11,"s:12:4:36:Infinity":28,"s:36:13:36:Infinity":29,"s:36:13:12:19":30,"s:40:15:86:Infinity":31},"fnNames":{}}}
,"C:\\Users\\Claudia Milena\\Desktop\\Varios\\Java+React\\onlineStore\\src\\presentation\\components\\SearchBar.jsx": {"path":"C:\\Users\\Claudia Milena\\Desktop\\Varios\\Java+React\\onlineStore\\src\\presentation\\components\\SearchBar.jsx","statementMap":{"0":{"start":{"line":1,"column":6},"end":{"line":11,"column":null}},"1":{"start":{"line":1,"column":18},"end":{"line":1,"column":19}},"2":{"start":{"line":1,"column":19},"end":{"line":1,"column":38}},"3":{"start":{"line":1,"column":38},"end":{"line":8,"column":null}},"4":{"start":{"line":8,"column":18},"end":{"line":8,"column":49}},"5":{"start":{"line":8,"column":25},"end":{"line":8,"column":49}},"6":{"start":{"line":8,"column":49},"end":{"line":8,"column":null}},"7":{"start":{"line":8,"column":49},"end":{"line":11,"column":null}},"8":{"start":{"line":3,"column":4},"end":{"line":11,"column":null}},"9":{"start":{"line":11,"column":10},"end":{"line":11,"column":null}},"10":{"start":{"line":11,"column":10},"end":{"line":3,"column":16}},"11":{"start":{"line":15,"column":15},"end":{"line":31,"column":null}}},"fnMap":{"0":{"name":"(anonymous_0)","decl":{"start":{"line":1,"column":6},"end":{"line":1,"column":18}},"loc":{"start":{"line":1,"column":18},"end":{"line":11,"column":null}},"line":1},"1":{"name":"(anonymous_1)","decl":{"start":{"line":8,"column":18},"end":{"line":8,"column":25}},"loc":{"start":{"line":8,"column":25},"end":{"line":8,"column":49}},"line":8}},"branchMap":{"0":{"loc":{"start":{"line":1,"column":38},"end":{"line":8,"column":null}},"type":"if","locations":[{"start":{"line":1,"column":38},"end":{"line":8,"column":null}},{"start":{"line":8,"column":49},"end":{"line":8,"column":null}}],"line":1},"1":{"loc":{"start":{"line":8,"column":49},"end":{"line":11,"column":null}},"type":"if","locations":[{"start":{"line":8,"column":49},"end":{"line":11,"column":null}},{"start":{"line":11,"column":10},"end":{"line":11,"column":null}}],"line":8},"2":{"loc":{"start":{"line":8,"column":49},"end":{"line":8,"column":null}},"type":"binary-expr","locations":[{"start":{"line":8,"column":49},"end":{"line":8,"column":null}},{"start":{"line":8,"column":49},"end":{"line":8,"column":null}}],"line":8}},"s":{"0":1,"1":3,"2":3,"3":3,"4":2,"5":1,"6":1,"7":3,"8":3,"9":0,"10":3,"11":1},"f":{"0":3,"1":1},"b":{"0":[2,1],"1":[3,0],"2":[3,1]},"meta":{"lastBranch":3,"lastFunction":2,"lastStatement":12,"seen":{"s:1:6:11:Infinity":0,"f:1:6:1:18":0,"s:1:18:1:19":1,"s:1:19:1:38":2,"b:1:38:8:Infinity:8:49:8:Infinity":0,"s:1:38:8:Infinity":3,"s:8:18:8:49":4,"f:8:18:8:25":1,"s:8:25:8:49":5,"s:8:49:8:Infinity":6,"b:8:49:11:Infinity:11:10:11:Infinity":1,"s:8:49:11:Infinity":7,"b:8:49:8:Infinity:8:49:8:Infinity":2,"s:3:4:11:Infinity":8,"s:11:10:11:Infinity":9,"s:11:10:3:16":10,"s:15:15:31:Infinity":11},"fnNames":{}}}
,"C:\\Users\\Claudia Milena\\Desktop\\Varios\\Java+React\\onlineStore\\src\\presentation\\context\\CartContext.jsx": {"path":"C:\\Users\\Claudia Milena\\Desktop\\Varios\\Java+React\\onlineStore\\src\\presentation\\context\\CartContext.jsx","statementMap":{"0":{"start":{"line":3,"column":13},"end":{"line":3,"column":null}}},"fnMap":{},"branchMap":{},"s":{"0":2},"f":{},"b":{},"meta":{"lastBranch":0,"lastFunction":0,"lastStatement":1,"seen":{"s:3:13:3:Infinity":0},"fnNames":{}}}
,"C:\\Users\\Claudia Milena\\Desktop\\Varios\\Java+React\\onlineStore\\src\\presentation\\context\\CartProvider.jsx": {"path":"C:\\Users\\Claudia Milena\\Desktop\\Varios\\Java+React\\onlineStore\\src\\presentation\\context\\CartProvider.jsx","statementMap":{"0":{"start":{"line":4,"column":13},"end":{"line":26,"column":null}},"1":{"start":{"line":4,"column":28},"end":{"line":4,"column":29}},"2":{"start":{"line":4,"column":29},"end":{"line":4,"column":null}},"3":{"start":{"line":6,"column":2},"end":{"line":9,"column":5}},"4":{"start":{"line":9,"column":5},"end":{"line":14,"column":17}},"5":{"start":{"line":12,"column":12},"end":{"line":13,"column":null}},"6":{"start":{"line":13,"column":4},"end":{"line":13,"column":64}},"7":{"start":{"line":14,"column":5},"end":{"line":14,"column":16}},"8":{"start":{"line":14,"column":16},"end":{"line":14,"column":17}},"9":{"start":{"line":12,"column":2},"end":{"line":14,"column":17}},"10":{"start":{"line":14,"column":17},"end":{"line":21,"column":4}},"11":{"start":{"line":16,"column":26},"end":{"line":20,"column":null}},"12":{"start":{"line":17,"column":4},"end":{"line":20,"column":6}},"13":{"start":{"line":18,"column":26},"end":{"line":18,"column":33}},"14":{"start":{"line":18,"column":88},"end":{"line":19,"column":24}},"15":{"start":{"line":21,"column":3},"end":{"line":21,"column":4}},"16":{"start":{"line":16,"column":26},"end":{"line":16,"column":null}},"17":{"start":{"line":21,"column":4},"end":{"line":24,"column":null}},"18":{"start":{"line":24,"column":33},"end":{"line":24,"column":63}},"19":{"start":{"line":24,"column":63},"end":{"line":24,"column":null}},"20":{"start":{"line":24,"column":63},"end":{"line":26,"column":null}},"21":{"start":{"line":24,"column":4},"end":{"line":26,"column":27}},"22":{"start":{"line":26,"column":27},"end":{"line":26,"column":null}},"23":{"start":{"line":26,"column":27},"end":{"line":24,"column":33}},"24":{"start":{"line":7,"column":23},"end":{"line":7,"column":62}},"25":{"start":{"line":7,"column":62},"end":{"line":8,"column":24}}},"fnMap":{"0":{"name":"(anonymous_0)","decl":{"start":{"line":4,"column":13},"end":{"line":4,"column":28}},"loc":{"start":{"line":4,"column":28},"end":{"line":26,"column":null}},"line":4},"1":{"name":"(anonymous_1)","decl":{"start":{"line":12,"column":12},"end":{"line":12,"column":null}},"loc":{"start":{"line":12,"column":12},"end":{"line":13,"column":null}},"line":12},"2":{"name":"(anonymous_2)","decl":{"start":{"line":16,"column":26},"end":{"line":16,"column":null}},"loc":{"start":{"line":16,"column":26},"end":{"line":20,"column":null}},"line":16},"3":{"name":"(anonymous_3)","decl":{"start":{"line":17,"column":4},"end":{"line":17,"column":17}},"loc":{"start":{"line":17,"column":17},"end":{"line":19,"column":null}},"line":17},"4":{"name":"_temp","decl":{"start":{"line":4,"column":28},"end":{"line":4,"column":29}},"loc":{"start":{"line":4,"column":28},"end":{"line":8,"column":null}},"line":4}},"branchMap":{"0":{"loc":{"start":{"line":9,"column":5},"end":{"line":14,"column":17}},"type":"if","locations":[{"start":{"line":9,"column":5},"end":{"line":14,"column":17}},{"start":{"line":14,"column":16},"end":{"line":14,"column":17}}],"line":9},"1":{"loc":{"start":{"line":14,"column":17},"end":{"line":21,"column":4}},"type":"if","locations":[{"start":{"line":14,"column":17},"end":{"line":21,"column":4}},{"start":{"line":21,"column":3},"end":{"line":21,"column":4}}],"line":14},"2":{"loc":{"start":{"line":18,"column":26},"end":{"line":18,"column":33}},"type":"cond-expr","locations":[{"start":{"line":18,"column":60},"end":{"line":18,"column":88}},{"start":{"line":18,"column":26},"end":{"line":18,"column":33}}],"line":18},"3":{"loc":{"start":{"line":21,"column":4},"end":{"line":24,"column":null}},"type":"if","locations":[{"start":{"line":21,"column":4},"end":{"line":24,"column":null}},{"start":{"line":24,"column":63},"end":{"line":24,"column":null}}],"line":21},"4":{"loc":{"start":{"line":24,"column":63},"end":{"line":26,"column":null}},"type":"if","locations":[{"start":{"line":24,"column":63},"end":{"line":26,"column":null}},{"start":{"line":26,"column":27},"end":{"line":26,"column":null}}],"line":24},"5":{"loc":{"start":{"line":24,"column":63},"end":{"line":24,"column":null}},"type":"binary-expr","locations":[{"start":{"line":24,"column":63},"end":{"line":24,"column":null}},{"start":{"line":24,"column":63},"end":{"line":24,"column":null}}],"line":24},"6":{"loc":{"start":{"line":8,"column":11},"end":{"line":8,"column":24}},"type":"cond-expr","locations":[{"start":{"line":8,"column":24},"end":{"line":8,"column":52}},{"start":{"line":8,"column":11},"end":{"line":8,"column":24}}],"line":8}},"s":{"0":2,"1":12,"2":12,"3":12,"4":12,"5":12,"6":12,"7":12,"8":0,"9":12,"10":12,"11":7,"12":5,"13":5,"14":5,"15":5,"16":12,"17":12,"18":12,"19":0,"20":12,"21":12,"22":0,"23":12,"24":7,"25":7},"f":{"0":12,"1":12,"2":5,"3":5,"4":7},"b":{"0":[12,0],"1":[7,5],"2":[3,2],"3":[12,0],"4":[12,0],"5":[12,5],"6":[2,5]},"meta":{"lastBranch":7,"lastFunction":5,"lastStatement":26,"seen":{"s:4:13:26:Infinity":0,"f:4:13:4:28":0,"s:4:28:4:29":1,"s:4:29:4:Infinity":2,"s:6:2:9:5":3,"b:9:5:14:17:14:16:14:17":0,"s:9:5:14:17":4,"s:12:12:13:Infinity":5,"f:12:12:12:Infinity":1,"s:13:4:13:64":6,"s:14:5:14:16":7,"s:14:16:14:17":8,"s:12:2:14:17":9,"b:14:17:21:4:21:3:21:4":1,"s:14:17:21:4":10,"s:16:26:20:Infinity":11,"f:16:26:16:Infinity":2,"s:17:4:20:6":12,"f:17:4:17:17":3,"s:18:26:18:33":13,"b:18:60:18:88:18:26:18:33":2,"s:18:88:19:24":14,"s:21:3:21:4":15,"s:16:26:16:Infinity":16,"b:21:4:24:Infinity:24:63:24:Infinity":3,"s:21:4:24:Infinity":17,"s:24:33:24:63":18,"s:24:63:24:Infinity":19,"b:24:63:26:Infinity:26:27:26:Infinity":4,"s:24:63:26:Infinity":20,"b:24:63:24:Infinity:24:63:24:Infinity":5,"s:24:4:26:27":21,"s:26:27:26:Infinity":22,"s:26:27:24:33":23,"f:4:28:4:29":4,"s:7:23:7:62":24,"s:7:62:8:24":25,"b:8:24:8:52:8:11:8:24":6},"fnNames":{}}}
,"C:\\Users\\Claudia Milena\\Desktop\\Varios\\Java+React\\onlineStore\\src\\presentation\\context\\UseCart.jsx": {"path":"C:\\Users\\Claudia Milena\\Desktop\\Varios\\Java+React\\onlineStore\\src\\presentation\\context\\UseCart.jsx","statementMap":{"0":{"start":{"line":4,"column":13},"end":{"line":9,"column":null}},"1":{"start":{"line":5,"column":2},"end":{"line":5,"column":null}},"2":{"start":{"line":6,"column":2},"end":{"line":7,"column":null}},"3":{"start":{"line":7,"column":4},"end":{"line":7,"column":76}},"4":{"start":{"line":8,"column":3},"end":{"line":9,"column":16}}},"fnMap":{"0":{"name":"(anonymous_0)","decl":{"start":{"line":4,"column":13},"end":{"line":4,"column":23}},"loc":{"start":{"line":4,"column":23},"end":{"line":9,"column":null}},"line":4}},"branchMap":{"0":{"loc":{"start":{"line":6,"column":2},"end":{"line":7,"column":null}},"type":"if","locations":[{"start":{"line":6,"column":2},"end":{"line":7,"column":null}},{"start":{},"end":{}}],"line":6}},"s":{"0":1,"1":3,"2":3,"3":0,"4":3},"f":{"0":3},"b":{"0":[0,3]},"meta":{"lastBranch":1,"lastFunction":1,"lastStatement":5,"seen":{"s:4:13:9:Infinity":0,"f:4:13:4:23":0,"s:5:2:5:Infinity":1,"b:6:2:7:Infinity:undefined:undefined:undefined:undefined":0,"s:6:2:7:Infinity":2,"s:7:4:7:76":3,"s:8:3:9:16":4},"fnNames":{}}}
,"C:\\Users\\Claudia Milena\\Desktop\\Varios\\Java+React\\onlineStore\\src\\presentation\\pages\\ProductListPage.jsx": {"path":"C:\\Users\\Claudia Milena\\Desktop\\Varios\\Java+React\\onlineStore\\src\\presentation\\pages\\ProductListPage.jsx","statementMap":{"0":{"start":{"line":7,"column":6},"end":{"line":77,"column":null}},"1":{"start":{"line":8,"column":19},"end":{"line":8,"column":null}},"2":{"start":{"line":9,"column":21},"end":{"line":9,"column":null}},"3":{"start":{"line":10,"column":18},"end":{"line":10,"column":null}},"4":{"start":{"line":11,"column":16},"end":{"line":11,"column":null}},"5":{"start":{"line":12,"column":8},"end":{"line":12,"column":null}},"6":{"start":{"line":14,"column":2},"end":{"line":29,"column":null}},"7":{"start":{"line":15,"column":26},"end":{"line":26,"column":null}},"8":{"start":{"line":16,"column":6},"end":{"line":25,"column":null}},"9":{"start":{"line":17,"column":8},"end":{"line":17,"column":null}},"10":{"start":{"line":18,"column":21},"end":{"line":18,"column":null}},"11":{"start":{"line":19,"column":8},"end":{"line":19,"column":null}},"12":{"start":{"line":21,"column":8},"end":{"line":21,"column":null}},"13":{"start":{"line":22,"column":8},"end":{"line":22,"column":null}},"14":{"start":{"line":24,"column":8},"end":{"line":24,"column":null}},"15":{"start":{"line":28,"column":4},"end":{"line":28,"column":null}},"16":{"start":{"line":32,"column":27},"end":{"line":37,"column":null}},"17":{"start":{"line":33,"column":24},"end":{"line":33,"column":null}},"18":{"start":{"line":34,"column":23},"end":{"line":34,"column":null}},"19":{"start":{"line":35,"column":23},"end":{"line":35,"column":null}},"20":{"start":{"line":36,"column":4},"end":{"line":36,"column":null}},"21":{"start":{"line":39,"column":2},"end":{"line":39,"column":null}},"22":{"start":{"line":39,"column":15},"end":{"line":39,"column":null}},"23":{"start":{"line":40,"column":2},"end":{"line":40,"column":null}},"24":{"start":{"line":40,"column":13},"end":{"line":40,"column":null}},"25":{"start":{"line":42,"column":2},"end":{"line":75,"column":null}},"26":{"start":{"line":51,"column":14},"end":{"line":66,"column":null}},"27":{"start":{"line":54,"column":31},"end":{"line":54,"column":null}},"28":{"start":{"line":79,"column":15},"end":{"line":142,"column":null}}},"fnMap":{"0":{"name":"(anonymous_0)","decl":{"start":{"line":7,"column":6},"end":{"line":7,"column":30}},"loc":{"start":{"line":7,"column":30},"end":{"line":77,"column":null}},"line":7},"1":{"name":"(anonymous_1)","decl":{"start":{"line":14,"column":2},"end":{"line":14,"column":18}},"loc":{"start":{"line":14,"column":18},"end":{"line":29,"column":5}},"line":14},"2":{"name":"(anonymous_2)","decl":{"start":{"line":15,"column":26},"end":{"line":15,"column":38}},"loc":{"start":{"line":15,"column":38},"end":{"line":26,"column":null}},"line":15},"3":{"name":"(anonymous_3)","decl":{"start":{"line":32,"column":36},"end":{"line":32,"column":44}},"loc":{"start":{"line":32,"column":56},"end":{"line":37,"column":3}},"line":32},"4":{"name":"(anonymous_4)","decl":{"start":{"line":50,"column":30},"end":{"line":50,"column":35}},"loc":{"start":{"line":51,"column":14},"end":{"line":66,"column":null}},"line":51},"5":{"name":"(anonymous_5)","decl":{"start":{"line":54,"column":16},"end":{"line":54,"column":31}},"loc":{"start":{"line":54,"column":31},"end":{"line":54,"column":null}},"line":54}},"branchMap":{"0":{"loc":{"start":{"line":36,"column":11},"end":{"line":36,"column":null}},"type":"binary-expr","locations":[{"start":{"line":36,"column":11},"end":{"line":36,"column":25}},{"start":{"line":36,"column":25},"end":{"line":36,"column":null}}],"line":36},"1":{"loc":{"start":{"line":39,"column":2},"end":{"line":39,"column":null}},"type":"if","locations":[{"start":{"line":39,"column":2},"end":{"line":39,"column":null}},{"start":{},"end":{}}],"line":39},"2":{"loc":{"start":{"line":40,"column":2},"end":{"line":40,"column":null}},"type":"if","locations":[{"start":{"line":40,"column":2},"end":{"line":40,"column":null}},{"start":{},"end":{}}],"line":40},"3":{"loc":{"start":{"line":64,"column":19},"end":{"line":64,"column":null}},"type":"cond-expr","locations":[{"start":{"line":64,"column":35},"end":{"line":64,"column":58}},{"start":{"line":64,"column":58},"end":{"line":64,"column":null}}],"line":64},"4":{"loc":{"start":{"line":71,"column":9},"end":{"line":72,"column":null}},"type":"binary-expr","locations":[{"start":{"line":71,"column":9},"end":{"line":71,"column":null}},{"start":{"line":72,"column":10},"end":{"line":72,"column":null}}],"line":71}},"s":{"0":1,"1":5,"2":5,"3":5,"4":5,"5":5,"6":5,"7":2,"8":2,"9":2,"10":2,"11":2,"12":0,"13":0,"14":2,"15":2,"16":5,"17":9,"18":9,"19":9,"20":9,"21":5,"22":2,"23":3,"24":3,"25":3,"26":7,"27":0,"28":1},"f":{"0":5,"1":2,"2":2,"3":9,"4":7,"5":0},"b":{"0":[9,3],"1":[2,3],"2":[0,3],"3":[7,0],"4":[3,0]},"meta":{"lastBranch":5,"lastFunction":6,"lastStatement":29,"seen":{"s:7:6:77:Infinity":0,"f:7:6:7:30":0,"s:8:19:8:Infinity":1,"s:9:21:9:Infinity":2,"s:10:18:10:Infinity":3,"s:11:16:11:Infinity":4,"s:12:8:12:Infinity":5,"s:14:2:29:Infinity":6,"f:14:2:14:18":1,"s:15:26:26:Infinity":7,"f:15:26:15:38":2,"s:16:6:25:Infinity":8,"s:17:8:17:Infinity":9,"s:18:21:18:Infinity":10,"s:19:8:19:Infinity":11,"s:21:8:21:Infinity":12,"s:22:8:22:Infinity":13,"s:24:8:24:Infinity":14,"s:28:4:28:Infinity":15,"s:32:27:37:Infinity":16,"f:32:36:32:44":3,"s:33:24:33:Infinity":17,"s:34:23:34:Infinity":18,"s:35:23:35:Infinity":19,"s:36:4:36:Infinity":20,"b:36:11:36:25:36:25:36:Infinity":0,"b:39:2:39:Infinity:undefined:undefined:undefined:undefined":1,"s:39:2:39:Infinity":21,"s:39:15:39:Infinity":22,"b:40:2:40:Infinity:undefined:undefined:undefined:undefined":2,"s:40:2:40:Infinity":23,"s:40:13:40:Infinity":24,"s:42:2:75:Infinity":25,"f:50:30:50:35":4,"s:51:14:66:Infinity":26,"f:54:16:54:31":5,"s:54:31:54:Infinity":27,"b:64:35:64:58:64:58:64:Infinity":3,"b:71:9:71:Infinity:72:10:72:Infinity":4,"s:79:15:142:Infinity":28},"fnNames":{}}}
}
